<?xml version="1.0" encoding="UTF-8"?>
<testng-results skipped="0" failed="1" total="3" passed="2">
  <reporter-output>
  </reporter-output>
  <suite name="Default suite" duration-ms="39669" started-at="2015-09-26T13:23:13Z" finished-at="2015-09-26T13:23:53Z">
    <groups>
    </groups>
    <test name="Default test" duration-ms="39669" started-at="2015-09-26T13:23:13Z" finished-at="2015-09-26T13:23:53Z">
      <class name="com.MG.testcases.testHomeSmoke">
        <test-method status="PASS" signature="setUp()[pri:0, instance:com.MG.testcases.testHomeSmoke@13b6d03]" name="setUp" is-config="true" duration-ms="7376" started-at="2015-09-26T18:53:13Z" finished-at="2015-09-26T18:53:20Z">
          <reporter-output>
          </reporter-output>
        </test-method> <!-- setUp -->
        <test-method status="PASS" signature="tchome01()[pri:0, instance:com.MG.testcases.testHomeSmoke@13b6d03]" name="tchome01" duration-ms="4176" started-at="2015-09-26T18:53:20Z" finished-at="2015-09-26T18:53:24Z">
          <reporter-output>
          </reporter-output>
        </test-method> <!-- tchome01 -->
        <test-method status="PASS" signature="tearDown()[pri:0, instance:com.MG.testcases.testHomeSmoke@13b6d03]" name="tearDown" is-config="true" duration-ms="983" started-at="2015-09-26T18:53:24Z" finished-at="2015-09-26T18:53:25Z">
          <reporter-output>
          </reporter-output>
        </test-method> <!-- tearDown -->
        <test-method status="PASS" signature="setUp()[pri:0, instance:com.MG.testcases.testHomeSmoke@13b6d03]" name="setUp" is-config="true" duration-ms="4627" started-at="2015-09-26T18:53:25Z" finished-at="2015-09-26T18:53:30Z">
          <reporter-output>
          </reporter-output>
        </test-method> <!-- setUp -->
        <test-method status="PASS" signature="tchome02()[pri:0, instance:com.MG.testcases.testHomeSmoke@13b6d03]" name="tchome02" duration-ms="6519" started-at="2015-09-26T18:53:30Z" finished-at="2015-09-26T18:53:37Z">
          <reporter-output>
          </reporter-output>
        </test-method> <!-- tchome02 -->
        <test-method status="PASS" signature="tearDown()[pri:0, instance:com.MG.testcases.testHomeSmoke@13b6d03]" name="tearDown" is-config="true" duration-ms="872" started-at="2015-09-26T18:53:37Z" finished-at="2015-09-26T18:53:37Z">
          <reporter-output>
          </reporter-output>
        </test-method> <!-- tearDown -->
        <test-method status="PASS" signature="setUp()[pri:0, instance:com.MG.testcases.testHomeSmoke@13b6d03]" name="setUp" is-config="true" duration-ms="4258" started-at="2015-09-26T18:53:37Z" finished-at="2015-09-26T18:53:42Z">
          <reporter-output>
          </reporter-output>
        </test-method> <!-- setUp -->
        <test-method status="FAIL" signature="tchome03()[pri:0, instance:com.MG.testcases.testHomeSmoke@13b6d03]" name="tchome03" duration-ms="9947" started-at="2015-09-26T18:53:42Z" finished-at="2015-09-26T18:53:52Z">
          <exception class="java.lang.AssertionError">
            <message>
              <![CDATA[expected [v1.4.1] but found [Version hackathon]]]>
            </message>
            <full-stacktrace>
              <![CDATA[java.lang.AssertionError: expected [v1.4.1] but found [Version hackathon]
	at org.testng.Assert.fail(Assert.java:94)
	at org.testng.Assert.failNotEquals(Assert.java:496)
	at org.testng.Assert.assertEquals(Assert.java:125)
	at org.testng.Assert.assertEquals(Assert.java:178)
	at org.testng.Assert.assertEquals(Assert.java:188)
	at com.MG.testcases.testHomeSmoke.tchome03(testHomeSmoke.java:96)
	at sun.reflect.NativeMethodAccessorImpl.invoke0(Native Method)
	at sun.reflect.NativeMethodAccessorImpl.invoke(Unknown Source)
	at sun.reflect.DelegatingMethodAccessorImpl.invoke(Unknown Source)
	at java.lang.reflect.Method.invoke(Unknown Source)
	at org.testng.internal.MethodInvocationHelper.invokeMethod(MethodInvocationHelper.java:85)
	at org.testng.internal.Invoker.invokeMethod(Invoker.java:648)
	at org.testng.internal.Invoker.invokeTestMethod(Invoker.java:834)
	at org.testng.internal.Invoker.invokeTestMethods(Invoker.java:1142)
	at org.testng.internal.TestMethodWorker.invokeTestMethods(TestMethodWorker.java:124)
	at org.testng.internal.TestMethodWorker.run(TestMethodWorker.java:108)
	at org.testng.TestRunner.privateRun(TestRunner.java:771)
	at org.testng.TestRunner.run(TestRunner.java:621)
	at org.testng.SuiteRunner.runTest(SuiteRunner.java:357)
	at org.testng.SuiteRunner.runSequentially(SuiteRunner.java:352)
	at org.testng.SuiteRunner.privateRun(SuiteRunner.java:310)
	at org.testng.SuiteRunner.run(SuiteRunner.java:259)
	at org.testng.SuiteRunnerWorker.runSuite(SuiteRunnerWorker.java:52)
	at org.testng.SuiteRunnerWorker.run(SuiteRunnerWorker.java:86)
	at org.testng.TestNG.runSuitesSequentially(TestNG.java:1176)
	at org.testng.TestNG.runSuitesLocally(TestNG.java:1101)
	at org.testng.TestNG.run(TestNG.java:1009)
	at org.testng.remote.RemoteTestNG.run(RemoteTestNG.java:111)
	at org.testng.remote.RemoteTestNG.initAndRun(RemoteTestNG.java:204)
	at org.testng.remote.RemoteTestNG.main(RemoteTestNG.java:175)
]]>
            </full-stacktrace>
          </exception> <!-- java.lang.AssertionError -->
          <reporter-output>
          </reporter-output>
        </test-method> <!-- tchome03 -->
        <test-method status="PASS" signature="tearDown()[pri:0, instance:com.MG.testcases.testHomeSmoke@13b6d03]" name="tearDown" is-config="true" duration-ms="887" started-at="2015-09-26T18:53:52Z" finished-at="2015-09-26T18:53:53Z">
          <reporter-output>
          </reporter-output>
        </test-method> <!-- tearDown -->
      </class> <!-- com.MG.testcases.testHomeSmoke -->
    </test> <!-- Default test -->
  </suite> <!-- Default suite -->
</testng-results>
