<?xml version="1.0" encoding="UTF-8"?>
<!-- Generated by org.testng.reporters.JUnitReportReporter -->
<testsuite hostname="nicsi" name="com.MG.testcases.testHomeRegression" tests="2" failures="0" timestamp="26 Sep 2015 08:44:19 GMT" time="25.061" errors="0">
  <testcase name="tchome05" time="11.371" classname="com.MG.testcases.testHomeRegression"/>
  <testcase name="tchome04" time="13.690" classname="com.MG.testcases.testHomeRegression"/>
</testsuite> <!-- com.MG.testcases.testHomeRegression -->
